<?xml version="1.0" encoding="UTF-8"?>
<!-- Generated by org.testng.reporters.JUnitReportReporter -->
<testsuite skipped="0" hostname="Arunkumar" name="com.licious.test.ProductAddToCart" tests="1" failures="0" timestamp="28 Aug 2018 13:12:13 GMT" time="4.355" errors="0">
  <testcase name="VerifyProductAddtoCart" time="4.355" classname="com.licious.test.ProductAddToCart"/>
</testsuite> <!-- com.licious.test.ProductAddToCart -->
