<?xml version="1.0" encoding="UTF-8"?>
<!-- Generated by org.testng.reporters.JUnitReportReporter -->
<testsuite skipped="0" hostname="Arunkumar" name="com.rest.test.getHub" tests="2" failures="0" timestamp="06 Aug 2018 07:17:25 GMT" time="4.782" errors="0">
  <testcase name="test_serviceablelatlong" time="0.458" classname="com.rest.test.getHub"/>
  <testcase name="Test_numberofcircuitsFor2017_season" time="4.324" classname="com.rest.test.getHub"/>
</testsuite> <!-- com.rest.test.getHub -->
