<?xml version="1.0" encoding="UTF-8"?>
<!-- Generated by org.testng.reporters.JUnitReportReporter -->
<testsuite skipped="0" hostname="Arunkumar" name="com.rest.test.Genaratetoken" tests="1" failures="0" timestamp="08 Aug 2018 15:00:22 GMT" time="2.837" errors="0">
  <testcase name="test" time="2.837" classname="com.rest.test.Genaratetoken"/>
</testsuite> <!-- com.rest.test.Genaratetoken -->
