<?xml version="1.0" encoding="UTF-8"?>
<!-- Generated by org.testng.reporters.JUnitReportReporter -->
<testsuite skipped="0" hostname="Arunkumar" name="com.licious.test.GetShipment" tests="1" failures="0" timestamp="28 Aug 2018 13:12:39 GMT" time="3.907" errors="0">
  <testcase name="verifytheshipment" time="3.907" classname="com.licious.test.GetShipment"/>
</testsuite> <!-- com.licious.test.GetShipment -->
