<?xml version="1.0" encoding="UTF-8"?>
<!-- Generated by org.testng.reporters.JUnitReportReporter -->
<testsuite skipped="0" hostname="Arunkumar" name="com.licious.test.Genaratetoken" tests="1" failures="0" timestamp="04 Sep 2018 11:00:42 GMT" time="4.297" errors="0">
  <testcase name="gettoken" time="4.297" classname="com.licious.test.Genaratetoken"/>
</testsuite> <!-- com.licious.test.Genaratetoken -->
