<?xml version="1.0" encoding="UTF-8"?>
<!-- Generated by org.testng.reporters.JUnitReportReporter -->
<testsuite skipped="0" hostname="Arunkumar" name="com.licious.test.cart" tests="1" failures="0" timestamp="13 Aug 2018 12:31:35 GMT" time="2.761" errors="0">
  <testcase name="verifythenumberofproductincart" time="2.761" classname="com.licious.test.cart"/>
</testsuite> <!-- com.licious.test.cart -->
