<?xml version="1.0" encoding="UTF-8"?>
<!-- Generated by org.testng.reporters.JUnitReportReporter -->
<testsuite skipped="0" hostname="Arunkumar" name="com.licious.test.SampleTest" tests="1" failures="0" timestamp="09 Aug 2018 12:39:52 GMT" time="2.428" errors="0">
  <testcase name="test" time="2.428" classname="com.licious.test.SampleTest"/>
</testsuite> <!-- com.licious.test.SampleTest -->
