<?xml version="1.0" encoding="UTF-8"?>
<!-- Generated by org.testng.reporters.JUnitReportReporter -->
<testsuite skipped="0" hostname="Arunkumar" name="com.licious.test.GetCart" tests="1" failures="0" timestamp="28 Aug 2018 13:12:25 GMT" time="4.602" errors="0">
  <testcase name="verifythenumberofproductincart" time="4.602" classname="com.licious.test.GetCart"/>
</testsuite> <!-- com.licious.test.GetCart -->
