<?xml version="1.0" encoding="UTF-8"?>
<!-- Generated by org.testng.reporters.JUnitReportReporter -->
<testsuite skipped="0" hostname="Arunkumar" name="com.licious.test.Createorder" tests="1" failures="0" timestamp="17 Aug 2018 11:55:54 GMT" time="2.565" errors="0">
  <testcase name="verifycreateorder" time="2.565" classname="com.licious.test.Createorder"/>
</testsuite> <!-- com.licious.test.Createorder -->
