<?xml version="1.0" encoding="UTF-8"?>
<!-- Generated by org.testng.reporters.JUnitReportReporter -->
<testsuite skipped="0" hostname="Arunkumar" name="com.rest.test.cart" tests="1" failures="0" timestamp="09 Aug 2018 09:59:45 GMT" time="2.248" errors="0">
  <testcase name="testnumberofproductsincart" time="2.248" classname="com.rest.test.cart"/>
</testsuite> <!-- com.rest.test.cart -->
