<?xml version="1.0" encoding="UTF-8"?>
<!-- Generated by org.testng.reporters.JUnitReportReporter -->
<testsuite skipped="0" hostname="Arunkumar" name="getRequest.getData" tests="1" failures="0" timestamp="04 Jul 2018 12:57:44 GMT" time="2.147" errors="0">
  <testcase name="testresponsecode" time="2.147" classname="getRequest.getData"/>
</testsuite> <!-- getRequest.getData -->
