<?xml version="1.0" encoding="UTF-8"?>
<!-- Generated by org.testng.reporters.JUnitReportReporter -->
<testsuite skipped="0" hostname="Arunkumar" name="com.licious.test.Login" tests="5" failures="0" timestamp="04 Sep 2018 11:13:11 GMT" time="8.480" errors="0">
  <testcase name="verifyloginwithdiffcrds" time="1.219" classname="com.licious.test.Login"/>
  <testcase name="verifybasicinfoofuser" time="4.266" classname="com.licious.test.Login"/>
  <testcase name="verifyloginwithdiffcrds" time="1.043" classname="com.licious.test.Login"/>
  <testcase name="verifyloginwithdiffcrds" time="1.098" classname="com.licious.test.Login"/>
  <testcase name="verifyloginwithdiffcrds" time="0.854" classname="com.licious.test.Login"/>
</testsuite> <!-- com.licious.test.Login -->
